<?xml version="1.0" encoding="UTF-8"?>
<!-- Generated by org.testng.reporters.JUnitXMLReporter -->
<testsuite hostname="DESKTOP-QL1AS75" ignored="2" name="Default test" tests="4" failures="0" timestamp="27 May 2020 09:02:23 GMT" time="101.296" errors="0">
  <testcase name="verifySeleniumVideoText" time="0.142" classname="com.toolsqa.tests.FreeSeleniumVideoPageTests"/>
  <testcase name="verifySubscribeToNewsLetter" time="5.608" classname="com.toolsqa.tests.FreeSeleniumVideoPageTests"/>
  <testcase name="verifySeleniumBrowserCommandVideoText" time="10.088" classname="com.toolsqa.tests.FreeSeleniumVideoPageTests"/>
  <testcase name="verifySiteLink" time="19.168" classname="com.toolsqa.tests.FreeSeleniumVideoPageTests"/>
  <testcase name="verifyHomeTextBackToHomePage" time="0.0" classname="com.toolsqa.tests.FreeSeleniumVideoPageTests">
    <ignored/>
  </testcase> <!-- verifyHomeTextBackToHomePage -->
  <testcase name="verifySeleniumBrowserCommandVideoClickable" time="0.0" classname="com.toolsqa.tests.FreeSeleniumVideoPageTests">
    <ignored/>
  </testcase> <!-- verifySeleniumBrowserCommandVideoClickable -->
</testsuite> <!-- Default test -->
