<?xml version="1.0" encoding="UTF-8"?>
<testng-results skipped="0" failed="0" ignored="2" total="6" passed="4">
  <reporter-output>
  </reporter-output>
  <suite name="Default suite" duration-ms="101296" started-at="2020-05-27T09:00:41Z" finished-at="2020-05-27T09:02:23Z">
    <groups>
    </groups>
    <test name="Default test" duration-ms="101296" started-at="2020-05-27T09:00:41Z" finished-at="2020-05-27T09:02:23Z">
      <class name="com.toolsqa.tests.FreeSeleniumVideoPageTests">
        <test-method status="PASS" signature="launchBrowser()[pri:0, instance:com.toolsqa.tests.FreeSeleniumVideoPageTests@31a5c39e]" name="launchBrowser" is-config="true" duration-ms="50096" started-at="2020-05-27T09:00:41Z" finished-at="2020-05-27T09:01:31Z">
          <reporter-output>
          </reporter-output>
        </test-method> <!-- launchBrowser -->
        <test-method status="PASS" signature="setup()[pri:0, instance:com.toolsqa.tests.FreeSeleniumVideoPageTests@31a5c39e]" name="setup" is-config="true" duration-ms="6779" started-at="2020-05-27T09:01:31Z" finished-at="2020-05-27T09:01:38Z">
          <reporter-output>
          </reporter-output>
        </test-method> <!-- setup -->
        <test-method status="PASS" signature="verifySeleniumVideoText()[pri:1, instance:com.toolsqa.tests.FreeSeleniumVideoPageTests@31a5c39e]" name="verifySeleniumVideoText" duration-ms="142" started-at="2020-05-27T09:01:38Z" finished-at="2020-05-27T09:01:38Z">
          <reporter-output>
          </reporter-output>
        </test-method> <!-- verifySeleniumVideoText -->
        <test-method status="PASS" signature="setup()[pri:0, instance:com.toolsqa.tests.FreeSeleniumVideoPageTests@31a5c39e]" name="setup" is-config="true" duration-ms="1764" started-at="2020-05-27T09:01:38Z" finished-at="2020-05-27T09:01:40Z">
          <reporter-output>
          </reporter-output>
        </test-method> <!-- setup -->
        <test-method status="PASS" signature="verifySubscribeToNewsLetter()[pri:2, instance:com.toolsqa.tests.FreeSeleniumVideoPageTests@31a5c39e]" name="verifySubscribeToNewsLetter" duration-ms="5608" started-at="2020-05-27T09:01:40Z" finished-at="2020-05-27T09:01:46Z">
          <reporter-output>
          </reporter-output>
        </test-method> <!-- verifySubscribeToNewsLetter -->
        <test-method status="PASS" signature="setup()[pri:0, instance:com.toolsqa.tests.FreeSeleniumVideoPageTests@31a5c39e]" name="setup" is-config="true" duration-ms="4481" started-at="2020-05-27T09:01:46Z" finished-at="2020-05-27T09:01:50Z">
          <reporter-output>
          </reporter-output>
        </test-method> <!-- setup -->
        <test-method status="PASS" signature="verifySeleniumBrowserCommandVideoText()[pri:3, instance:com.toolsqa.tests.FreeSeleniumVideoPageTests@31a5c39e]" name="verifySeleniumBrowserCommandVideoText" duration-ms="10088" started-at="2020-05-27T09:01:50Z" finished-at="2020-05-27T09:02:00Z">
          <reporter-output>
          </reporter-output>
        </test-method> <!-- verifySeleniumBrowserCommandVideoText -->
        <test-method status="PASS" signature="setup()[pri:0, instance:com.toolsqa.tests.FreeSeleniumVideoPageTests@31a5c39e]" name="setup" is-config="true" duration-ms="3116" started-at="2020-05-27T09:02:00Z" finished-at="2020-05-27T09:02:03Z">
          <reporter-output>
          </reporter-output>
        </test-method> <!-- setup -->
        <test-method status="PASS" signature="verifySiteLink()[pri:6, instance:com.toolsqa.tests.FreeSeleniumVideoPageTests@31a5c39e]" name="verifySiteLink" duration-ms="19168" started-at="2020-05-27T09:02:03Z" finished-at="2020-05-27T09:02:23Z">
          <reporter-output>
          </reporter-output>
        </test-method> <!-- verifySiteLink -->
        <test-method status="PASS" signature="quitBrowser()[pri:0, instance:com.toolsqa.tests.FreeSeleniumVideoPageTests@31a5c39e]" name="quitBrowser" is-config="true" duration-ms="1" started-at="2020-05-27T09:02:23Z" finished-at="2020-05-27T09:02:23Z">
          <reporter-output>
          </reporter-output>
        </test-method> <!-- quitBrowser -->
      </class> <!-- com.toolsqa.tests.FreeSeleniumVideoPageTests -->
    </test> <!-- Default test -->
  </suite> <!-- Default suite -->
</testng-results>
